<?xml version="1.0" encoding="UTF-8"?>
<!-- Generated by org.testng.reporters.JUnitXMLReporter -->
<testsuite hostname="DESKTOP-BCLH6U7" failures="0" tests="3" name="Default test" time="24.411" errors="0" timestamp="14 Dec 2020 10:07:35 GMT">
  <testcase classname="Academy.HomePage" name="basePageNavigation" time="3.023"/>
  <testcase classname="Academy.HomePage" name="basePageNavigation" time="3.261"/>
  <testcase classname="Academy.HomePage" name="basePageNavigation" time="3.246"/>
</testsuite> <!-- Default test -->
