<?xml version="1.0" encoding="UTF-8"?>
<!-- Generated by org.testng.reporters.JUnitXMLReporter -->
<testsuite hostname="DESKTOP-BCLH6U7" failures="0" tests="3" name="LoginPageTest" time="58.963" errors="0" timestamp="14 Dec 2020 09:21:49 GMT">
  <testcase classname="Academy.HomePage" name="basePageNavigation" time="6.422"/>
  <testcase classname="Academy.HomePage" name="basePageNavigation" time="6.157"/>
  <testcase classname="Academy.HomePage" name="basePageNavigation" time="2.833"/>
</testsuite> <!-- LoginPageTest -->
