<?xml version="1.0" encoding="UTF-8"?>
<!-- Generated by org.testng.reporters.JUnitXMLReporter -->
<testsuite hostname="DESKTOP-BCLH6U7" failures="1" tests="1" name="LandingPAge" time="30.383" errors="0" timestamp="14 Dec 2020 10:10:57 GMT">
  <testcase classname="Academy.LandingPageTest" name="basePageNavigation" time="0.206">
    <failure type="java.lang.AssertionError" message="expected [FEATURED45 COURSES] but found [FEATURED COURSES]">
      <![CDATA[java.lang.AssertionError: expected [FEATURED45 COURSES] but found [FEATURED COURSES]
	at Academy.LandingPageTest.basePageNavigation(LandingPageTest.java:36)
	at java.base/java.util.concurrent.FutureTask.run(FutureTask.java:264)
	at java.base/java.util.concurrent.ThreadPoolExecutor.runWorker(ThreadPoolExecutor.java:1128)
	at java.base/java.util.concurrent.ThreadPoolExecutor$Worker.run(ThreadPoolExecutor.java:628)
	at java.base/java.lang.Thread.run(Thread.java:834)
... Removed 21 stack frames]]>
    </failure>
  </testcase> <!-- basePageNavigation -->
</testsuite> <!-- LandingPAge -->
