<?xml version="1.0" encoding="UTF-8"?>
<!-- Generated by org.testng.reporters.JUnitXMLReporter -->
<testsuite hostname="DESKTOP-BCLH6U7" failures="0" tests="3" name="LoginPageTest" time="40.503" errors="0" timestamp="14 Dec 2020 10:11:07 GMT">
  <testcase classname="Academy.HomePage" name="basePageNavigation" time="5.508"/>
  <testcase classname="Academy.HomePage" name="basePageNavigation" time="3.13"/>
  <testcase classname="Academy.HomePage" name="basePageNavigation" time="3.161"/>
</testsuite> <!-- LoginPageTest -->
