<?xml version="1.0" encoding="UTF-8"?>
<!-- Generated by org.testng.reporters.JUnitXMLReporter -->
<testsuite hostname="DESKTOP-BCLH6U7" failures="0" tests="4" name="Test" time="40.16" errors="0" timestamp="13 Dec 2020 17:57:33 GMT">
  <testcase classname="Academy.HomePage" name="basePageNavigation" time="3.479"/>
  <testcase classname="Academy.HomePage" name="basePageNavigation" time="2.736"/>
  <testcase classname="Academy.HomePage" name="basePageNavigation" time="2.962"/>
  <testcase classname="Academy.LandingPageTest" name="basePageNavigation" time="0.204"/>
</testsuite> <!-- Test -->
