<?xml version="1.0" encoding="UTF-8"?>
<testsuite xmlns:xsi="http://www.w3.org/2001/XMLSchema-instance" xsi:noNamespaceSchemaLocation="https://maven.apache.org/surefire/maven-surefire-plugin/xsd/surefire-test-report-3.0.xsd" version="3.0" name="TestSuite" time="42.889" tests="4" errors="0" skipped="0" failures="1">
  <properties>
[...]
</properties>
  <testcase name="basePageNavigation" classname="Academy.LandingPageTest" time="0.002">
    <failure message="expected [FEATURED45 COURSES] but found [FEATURED COURSES]" type="java.lang.AssertionError"><![CDATA[java.lang.AssertionError: expected [FEATURED45 COURSES] but found [FEATURED COURSES]
	at Academy.LandingPageTest.basePageNavigation(LandingPageTest.java:36)
]]></failure>
    <system-out><![CDATA[http://qaclickacademy.com
http://qaclickacademy.com
chrome
chrome
]]></system-out>
    <system-err><![CDATA[Starting ChromeDriver 79.0.3945.36 (3582db32b33893869b8c1339e8f4d9ed1816f143-refs/branch-heads/3945@{#614}) on port 9546
Only local connections are allowed.
Please protect ports used by ChromeDriver and related test frameworks to prevent access by malicious code.
Starting ChromeDriver 79.0.3945.36 (3582db32b33893869b8c1339e8f4d9ed1816f143-refs/branch-heads/3945@{#614}) on port 47057
Only local connections are allowed.
Please protect ports used by ChromeDriver and related test frameworks to prevent access by malicious code.
[1607940630.758][WARNING]: Timed out connecting to Chrome, retrying...
[1607940630.884][WARNING]: Timed out connecting to Chrome, retrying...
Dec 14, 2020 3:40:32 PM org.openqa.selenium.remote.ProtocolHandshake createSession
INFO: Detected dialect: W3C
Dec 14, 2020 3:40:32 PM org.openqa.selenium.remote.ProtocolHandshake createSession
INFO: Detected dialect: W3C
[1607940634.919][WARNING]: Timed out connecting to Chrome, retrying...
[1607940634.969][WARNING]: Timed out connecting to Chrome, retrying...
]]></system-err>
  </testcase>
  <testcase name="basePageNavigation[asdfadsf, asdfadsf](1)" classname="Academy.HomePage" time="5.511"/>
  <testcase name="basePageNavigation[wwow, asdnfn](2)" classname="Academy.HomePage" time="3.128"/>
  <testcase name="basePageNavigation[asdfn, asdf](3)" classname="Academy.HomePage" time="3.162"/>
</testsuite>